0 info it worked if it ends with ok
1 verbose cli [ '/usr/local/bin/node', '/usr/local/bin/npm', 'publish' ]
2 info using npm@2.15.8
3 info using node@v4.4.7
4 verbose publish [ '.' ]
5 silly cache add args [ '.', null ]
6 verbose cache add spec .
7 silly cache add parsed spec Result {
7 silly cache add   raw: '.',
7 silly cache add   scope: null,
7 silly cache add   name: null,
7 silly cache add   rawSpec: '.',
7 silly cache add   spec: '/PWC-WORK/dev/nodejs/flwnotificationlib',
7 silly cache add   type: 'directory' }
8 verbose addLocalDirectory /Users/d3jii/.npm/@flutterwave/flw-notif/0.0.1/package.tgz not in flight; packing
9 verbose correctMkdir /Users/d3jii/.npm correctMkdir not in flight; initializing
10 verbose tar pack [ '/Users/d3jii/.npm/@flutterwave/flw-notif/0.0.1/package.tgz',
10 verbose tar pack   '/PWC-WORK/dev/nodejs/flwnotificationlib' ]
11 verbose tarball /Users/d3jii/.npm/@flutterwave/flw-notif/0.0.1/package.tgz
12 verbose folder /PWC-WORK/dev/nodejs/flwnotificationlib
13 info prepublish @flutterwave/flw-notif@0.0.1
14 verbose addLocalTarball adding from inside cache /Users/d3jii/.npm/@flutterwave/flw-notif/0.0.1/package.tgz
15 verbose correctMkdir /Users/d3jii/.npm correctMkdir not in flight; initializing
16 silly cache afterAdd @flutterwave/flw-notif@0.0.1
17 verbose afterAdd /Users/d3jii/.npm/@flutterwave/flw-notif/0.0.1/package/package.json not in flight; writing
18 verbose correctMkdir /Users/d3jii/.npm correctMkdir not in flight; initializing
19 verbose afterAdd /Users/d3jii/.npm/@flutterwave/flw-notif/0.0.1/package/package.json written
20 silly publish { name: '@flutterwave/flw-notif',
20 silly publish   version: '0.0.1',
20 silly publish   description: 'A simple library for interfacing with the flutterwave notification service',
20 silly publish   main: 'index.js',
20 silly publish   scripts: { test: 'mocha --reporter spec' },
20 silly publish   repository:
20 silly publish    { type: 'git',
20 silly publish      url: 'git+https://github.com/Flutterwave/notification-library.git' },
20 silly publish   keywords: [ 'notification', 'flutterwave' ],
20 silly publish   author: { name: '4y0' },
20 silly publish   license: 'ISC',
20 silly publish   bugs: { url: 'https://github.com/Flutterwave/notification-library/issues' },
20 silly publish   homepage: 'https://github.com/Flutterwave/notification-library#readme',
20 silly publish   dependencies: { morx: '0.0.2', mosc: '1.0.0', q: '1.4.1', request: '2.75.0' },
20 silly publish   devDependencies: { chai: '3.5.0', mocha: '3.1.0' },
20 silly publish   readme: '# FLW Notif Library\n\n## How to use\n\n`npm install flw-notif`\n\n```\nvar Notif = require(\'flw-notif\');\n\nvar notif = new Notif(\'_APP_TOKEN_\');\n\n/*\nIf you wish to use a diff service url other than the default.\ndo \n\n- notif.setSmsUrl(\'new sms url\')\n- notif.setEmailUrl(\'new email url\')\n\nEnsure these are set before you call any of the sendEmail / sendSms functions \n*/\n\n\n//To send Email\nnotif.sendEmail( emailData ).then( function(response) {\n\t\n});\n/*\nValid emailData\n{\n\t\'template_id\':\'57f3a06ce9f464d11843a2a2\', //Id of the template to use\n\t\'sender_name\':\'FLW\', //Name that appears as sender in recipient\'s email\n\t\'sender_email\':\'xyz@mapunza.com\', //Email that appears as sender email in recipient\'s email\n\t\'receiver_email\':\'dalantorreneo@camuno.com\', //Recipient\'s email\n\t "placeholders" : {\n        "subject" : "EMAIL TEMP",\n        "username": "@dalantorreneo"\n    }\n};\n*/\n\n\n//To send SMS\nnotif.sendSMS( smsData ).then( function(response) {\n\t\n});\n\n/*\nValid smsData\n{\n    "template_id" : "57b591bb9400751d114b0583", //Id of the template to use\n    "sender" : "PWC", //Name that appears as sender on recipient\'s phone\n    "receiver" : "08140732882", //Phone number of the recipient  \n    "placeholders" : { /*  */\n        "full_name" : "Dorlet Demide Maek",\n        "username": "@dorletGrange"\n    }\n}\n*/\n\n\n\n\n```',
20 silly publish   readmeFilename: 'Readme.md',
20 silly publish   gitHead: 'ca0818ac37d266077a1d6d0a2f496235ae962e24',
20 silly publish   _id: '@flutterwave/flw-notif@0.0.1',
20 silly publish   _shasum: '9125bf525554d843d7e5ca9cb9db0e0c145faffc',
20 silly publish   _from: '.' }
21 verbose getPublishConfig undefined
22 silly mapToRegistry name @flutterwave/flw-notif
23 silly mapToRegistry scope (from package name) @flutterwave
24 verbose mapToRegistry no registry URL found in name for scope @flutterwave
25 silly mapToRegistry using default registry
26 silly mapToRegistry registry https://registry.npmjs.org/
27 silly mapToRegistry data Result {
27 silly mapToRegistry   raw: '@flutterwave/flw-notif',
27 silly mapToRegistry   scope: '@flutterwave',
27 silly mapToRegistry   name: '@flutterwave/flw-notif',
27 silly mapToRegistry   rawSpec: '',
27 silly mapToRegistry   spec: 'latest',
27 silly mapToRegistry   type: 'tag' }
28 silly mapToRegistry uri https://registry.npmjs.org/@flutterwave%2fflw-notif
29 verbose publish registryBase https://registry.npmjs.org/
30 silly publish uploading /Users/d3jii/.npm/@flutterwave/flw-notif/0.0.1/package.tgz
31 verbose request uri https://registry.npmjs.org/@flutterwave%2fflw-notif
32 verbose request sending authorization for write operation
33 info attempt registry request try #1 at 2:47:47 PM
34 verbose request using bearer token for auth
35 verbose request id fa5b31e4600a07ba
36 http request PUT https://registry.npmjs.org/@flutterwave%2fflw-notif
37 http 402 https://registry.npmjs.org/@flutterwave%2fflw-notif
38 verbose headers { 'content-type': 'application/json',
38 verbose headers   'cache-control': 'max-age=0',
38 verbose headers   'content-length': '119',
38 verbose headers   'accept-ranges': 'bytes',
38 verbose headers   date: 'Tue, 04 Oct 2016 13:47:49 GMT',
38 verbose headers   via: '1.1 varnish',
38 verbose headers   connection: 'keep-alive',
38 verbose headers   'x-served-by': 'cache-lhr6327-LHR',
38 verbose headers   'x-cache': 'MISS',
38 verbose headers   'x-cache-hits': '0',
38 verbose headers   'x-timer': 'S1475588868.413263,VS0,VE957' }
39 verbose request invalidating /Users/d3jii/.npm/registry.npmjs.org/_40flutterwave_252fflw-notif on PUT
40 error publish Failed PUT 402
41 verbose stack Error: You need a paid account to perform this action. For more info, visit: https://www.npmjs.com/private-modules : @flutterwave/flw-notif
41 verbose stack     at makeError (/usr/local/lib/node_modules/npm/node_modules/npm-registry-client/lib/request.js:264:12)
41 verbose stack     at CachingRegistryClient.<anonymous> (/usr/local/lib/node_modules/npm/node_modules/npm-registry-client/lib/request.js:252:14)
41 verbose stack     at Request._callback (/usr/local/lib/node_modules/npm/node_modules/npm-registry-client/lib/request.js:172:14)
41 verbose stack     at Request.self.callback (/usr/local/lib/node_modules/npm/node_modules/request/request.js:200:22)
41 verbose stack     at emitTwo (events.js:87:13)
41 verbose stack     at Request.emit (events.js:172:7)
41 verbose stack     at Request.<anonymous> (/usr/local/lib/node_modules/npm/node_modules/request/request.js:1067:10)
41 verbose stack     at emitOne (events.js:82:20)
41 verbose stack     at Request.emit (events.js:169:7)
41 verbose stack     at IncomingMessage.<anonymous> (/usr/local/lib/node_modules/npm/node_modules/request/request.js:988:12)
42 verbose statusCode 402
43 verbose pkgid @flutterwave/flw-notif
44 verbose cwd /PWC-WORK/dev/nodejs/flwnotificationlib
45 error Darwin 15.4.0
46 error argv "/usr/local/bin/node" "/usr/local/bin/npm" "publish"
47 error node v4.4.7
48 error npm  v2.15.8
49 error code E402
50 error You need a paid account to perform this action. For more info, visit: https://www.npmjs.com/private-modules : @flutterwave/flw-notif
51 error If you need help, you may report this error at:
51 error     <https://github.com/npm/npm/issues>
52 verbose exit [ 1, true ]
